[0.393s] Invoking command in '/home/marco/projects/control_ws/src/equations': PYTHONPATH=/home/marco/projects/control_ws/build/equations/prefix_override:/usr/lib/python3/dist-packages/colcon_core/task/python/colcon_distutils_commands:/home/marco/projects/control_ws/install/equations/lib/python3.10/site-packages:${PYTHONPATH} /usr/bin/python3 -W ignore:setup.py install is deprecated -W ignore:easy_install command is deprecated setup.py egg_info --egg-base ../../build/equations build --build-base /home/marco/projects/control_ws/build/equations/build install --record /home/marco/projects/control_ws/build/equations/install.log --single-version-externally-managed install_data
[0.576s] running egg_info
[0.577s] writing ../../build/equations/equations.egg-info/PKG-INFO
[0.577s] writing dependency_links to ../../build/equations/equations.egg-info/dependency_links.txt
[0.577s] writing entry points to ../../build/equations/equations.egg-info/entry_points.txt
[0.577s] writing requirements to ../../build/equations/equations.egg-info/requires.txt
[0.577s] writing top-level names to ../../build/equations/equations.egg-info/top_level.txt
[0.578s] reading manifest file '../../build/equations/equations.egg-info/SOURCES.txt'
[0.579s] writing manifest file '../../build/equations/equations.egg-info/SOURCES.txt'
[0.579s] running build
[0.579s] running build_py
[0.579s] running install
[0.579s] running install_lib
[0.580s] running install_data
[0.581s] running install_egg_info
[0.582s] removing '/home/marco/projects/control_ws/install/equations/lib/python3.10/site-packages/equations-0.0.0-py3.10.egg-info' (and everything under it)
[0.582s] Copying ../../build/equations/equations.egg-info to /home/marco/projects/control_ws/install/equations/lib/python3.10/site-packages/equations-0.0.0-py3.10.egg-info
[0.582s] running install_scripts
[0.598s] Installing signal_node script to /home/marco/projects/control_ws/install/equations/lib/equations
[0.598s] Installing simulator_node script to /home/marco/projects/control_ws/install/equations/lib/equations
[0.598s] writing list of installed files to '/home/marco/projects/control_ws/build/equations/install.log'
[0.620s] Invoked command in '/home/marco/projects/control_ws/src/equations' returned '0': PYTHONPATH=/home/marco/projects/control_ws/build/equations/prefix_override:/usr/lib/python3/dist-packages/colcon_core/task/python/colcon_distutils_commands:/home/marco/projects/control_ws/install/equations/lib/python3.10/site-packages:${PYTHONPATH} /usr/bin/python3 -W ignore:setup.py install is deprecated -W ignore:easy_install command is deprecated setup.py egg_info --egg-base ../../build/equations build --build-base /home/marco/projects/control_ws/build/equations/build install --record /home/marco/projects/control_ws/build/equations/install.log --single-version-externally-managed install_data
