[0.006s] Invoking command in '/home/marco/projects/control_ws/build/flight1': /usr/bin/cmake /home/marco/projects/control_ws/src/flight1 -DCMAKE_INSTALL_PREFIX=/home/marco/projects/control_ws/install/flight1
[0.043s] -- The C compiler identification is GNU 11.4.0
[0.080s] -- The CXX compiler identification is GNU 11.4.0
[0.085s] -- Detecting C compiler ABI info
[0.131s] -- Detecting C compiler ABI info - done
[0.138s] -- Check for working C compiler: /usr/bin/cc - skipped
[0.138s] -- Detecting C compile features
[0.138s] -- Detecting C compile features - done
[0.140s] -- Detecting CXX compiler ABI info
[0.193s] -- Detecting CXX compiler ABI info - done
[0.198s] -- Check for working CXX compiler: /usr/bin/c++ - skipped
[0.198s] -- Detecting CXX compile features
[0.199s] -- Detecting CXX compile features - done
[0.200s] -- Found ament_cmake: 1.3.11 (/opt/ros/humble/share/ament_cmake/cmake)
[0.301s] -- Found Python3: /usr/bin/python3 (found version "3.10.12") found components: Interpreter 
[0.360s] -- Found ament_lint_auto: 0.12.12 (/opt/ros/humble/share/ament_lint_auto/cmake)
[0.396s] Error parsing '/home/marco/projects/control_ws/src/flight1/package.xml':
[0.431s] Traceback (most recent call last):
[0.431s]   File "/opt/ros/humble/share/ament_cmake_core/cmake/core/package_xml_2_cmake.py", line 150, in <module>
[0.431s]     main()
[0.431s]   File "/opt/ros/humble/share/ament_cmake_core/cmake/core/package_xml_2_cmake.py", line 53, in main
[0.431s]     raise e
[0.432s]   File "/opt/ros/humble/share/ament_cmake_core/cmake/core/package_xml_2_cmake.py", line 49, in main
[0.432s]     package = parse_package_string(
[0.432s]   File "/usr/lib/python3/dist-packages/catkin_pkg/package.py", line 788, in parse_package_string
[0.432s]     pkg.validate(warnings=warnings)
[0.432s]   File "/usr/lib/python3/dist-packages/catkin_pkg/package.py", line 330, in validate
[0.432s]     raise InvalidPackage('\n'.join(errors), self.filename)
[0.432s] catkin_pkg.package.InvalidPackage: Error(s) in package '/home/marco/projects/control_ws/src/flight1/package.xml':
[0.432s] Invalid email " marcoolivera096@gmail.com" for person "marco"
[0.444s] [31mCMake Error at /opt/ros/humble/share/ament_cmake_core/cmake/core/ament_package_xml.cmake:95 (message):
[0.444s]   execute_process(/usr/bin/python3
[0.444s]   /opt/ros/humble/share/ament_cmake_core/cmake/core/package_xml_2_cmake.py
[0.444s]   /home/marco/projects/control_ws/src/flight1/package.xml
[0.444s]   /home/marco/projects/control_ws/build/flight1/ament_cmake_core/package.cmake)
[0.444s]   returned error code 1
[0.444s] Call Stack (most recent call first):
[0.444s]   /opt/ros/humble/share/ament_cmake_core/cmake/core/ament_package_xml.cmake:49 (_ament_package_xml)
[0.444s]   /opt/ros/humble/share/ament_lint_auto/cmake/ament_lint_auto_find_test_dependencies.cmake:31 (ament_package_xml)
[0.444s]   CMakeLists.txt:23 (ament_lint_auto_find_test_dependencies)
[0.444s] 
[0.444s] [0m
[0.445s] -- Configuring incomplete, errors occurred!
[0.445s] See also "/home/marco/projects/control_ws/build/flight1/CMakeFiles/CMakeOutput.log".
[0.447s] Invoked command in '/home/marco/projects/control_ws/build/flight1' returned '1': /usr/bin/cmake /home/marco/projects/control_ws/src/flight1 -DCMAKE_INSTALL_PREFIX=/home/marco/projects/control_ws/install/flight1
