running egg_info
writing ../../build/equations/equations.egg-info/PKG-INFO
writing dependency_links to ../../build/equations/equations.egg-info/dependency_links.txt
writing entry points to ../../build/equations/equations.egg-info/entry_points.txt
writing requirements to ../../build/equations/equations.egg-info/requires.txt
writing top-level names to ../../build/equations/equations.egg-info/top_level.txt
reading manifest file '../../build/equations/equations.egg-info/SOURCES.txt'
writing manifest file '../../build/equations/equations.egg-info/SOURCES.txt'
running build
running build_py
copying equations/simulator_node.py -> /home/marco/projects/control_ws/build/equations/build/lib/equations
copying equations/signal_genarator.py -> /home/marco/projects/control_ws/build/equations/build/lib/equations
running install
running install_lib
copying /home/marco/projects/control_ws/build/equations/build/lib/equations/simulator_node.py -> /home/marco/projects/control_ws/install/equations/lib/python3.10/site-packages/equations
copying /home/marco/projects/control_ws/build/equations/build/lib/equations/signal_genarator.py -> /home/marco/projects/control_ws/install/equations/lib/python3.10/site-packages/equations
byte-compiling /home/marco/projects/control_ws/install/equations/lib/python3.10/site-packages/equations/simulator_node.py to simulator_node.cpython-310.pyc
byte-compiling /home/marco/projects/control_ws/install/equations/lib/python3.10/site-packages/equations/signal_genarator.py to signal_genarator.cpython-310.pyc
running install_data
running install_egg_info
removing '/home/marco/projects/control_ws/install/equations/lib/python3.10/site-packages/equations-0.0.0-py3.10.egg-info' (and everything under it)
Copying ../../build/equations/equations.egg-info to /home/marco/projects/control_ws/install/equations/lib/python3.10/site-packages/equations-0.0.0-py3.10.egg-info
running install_scripts
writing list of installed files to '/home/marco/projects/control_ws/build/equations/install.log'
