[0.391s] Invoking command in '/home/marco/projects/control_ws/src/equations': PYTHONPATH=/home/marco/projects/control_ws/build/equations/prefix_override:/usr/lib/python3/dist-packages/colcon_core/task/python/colcon_distutils_commands:/home/marco/projects/control_ws/install/equations/lib/python3.10/site-packages: /usr/bin/python3 -W ignore:setup.py install is deprecated -W ignore:easy_install command is deprecated setup.py egg_info --egg-base ../../build/equations build --build-base /home/marco/projects/control_ws/build/equations/build install --record /home/marco/projects/control_ws/build/equations/install.log --single-version-externally-managed install_data
[0.536s] running egg_info
[0.536s] writing ../../build/equations/equations.egg-info/PKG-INFO
[0.537s] writing dependency_links to ../../build/equations/equations.egg-info/dependency_links.txt
[0.537s] writing entry points to ../../build/equations/equations.egg-info/entry_points.txt
[0.537s] writing requirements to ../../build/equations/equations.egg-info/requires.txt
[0.537s] writing top-level names to ../../build/equations/equations.egg-info/top_level.txt
[0.539s] reading manifest file '../../build/equations/equations.egg-info/SOURCES.txt'
[0.539s] writing manifest file '../../build/equations/equations.egg-info/SOURCES.txt'
[0.539s] running build
[0.539s] running build_py
[0.539s] copying equations/simulator_node.py -> /home/marco/projects/control_ws/build/equations/build/lib/equations
[0.540s] copying equations/signal_genarator.py -> /home/marco/projects/control_ws/build/equations/build/lib/equations
[0.540s] running install
[0.540s] running install_lib
[0.541s] copying /home/marco/projects/control_ws/build/equations/build/lib/equations/simulator_node.py -> /home/marco/projects/control_ws/install/equations/lib/python3.10/site-packages/equations
[0.541s] copying /home/marco/projects/control_ws/build/equations/build/lib/equations/signal_genarator.py -> /home/marco/projects/control_ws/install/equations/lib/python3.10/site-packages/equations
[0.541s] byte-compiling /home/marco/projects/control_ws/install/equations/lib/python3.10/site-packages/equations/simulator_node.py to simulator_node.cpython-310.pyc
[0.542s] byte-compiling /home/marco/projects/control_ws/install/equations/lib/python3.10/site-packages/equations/signal_genarator.py to signal_genarator.cpython-310.pyc
[0.542s] running install_data
[0.542s] running install_egg_info
[0.544s] removing '/home/marco/projects/control_ws/install/equations/lib/python3.10/site-packages/equations-0.0.0-py3.10.egg-info' (and everything under it)
[0.544s] Copying ../../build/equations/equations.egg-info to /home/marco/projects/control_ws/install/equations/lib/python3.10/site-packages/equations-0.0.0-py3.10.egg-info
[0.544s] running install_scripts
[0.557s] writing list of installed files to '/home/marco/projects/control_ws/build/equations/install.log'
[0.576s] Invoked command in '/home/marco/projects/control_ws/src/equations' returned '0': PYTHONPATH=/home/marco/projects/control_ws/build/equations/prefix_override:/usr/lib/python3/dist-packages/colcon_core/task/python/colcon_distutils_commands:/home/marco/projects/control_ws/install/equations/lib/python3.10/site-packages: /usr/bin/python3 -W ignore:setup.py install is deprecated -W ignore:easy_install command is deprecated setup.py egg_info --egg-base ../../build/equations build --build-base /home/marco/projects/control_ws/build/equations/build install --record /home/marco/projects/control_ws/build/equations/install.log --single-version-externally-managed install_data
