[0.007s] Invoking command in '/home/marco/projects/control_ws/build/flight1': CMAKE_PREFIX_PATH=${CMAKE_PREFIX_PATH}:/opt/ros/humble /usr/bin/cmake --build /home/marco/projects/control_ws/build/flight1 -- -j4 -l4
[0.033s] Invoked command in '/home/marco/projects/control_ws/build/flight1' returned '0': CMAKE_PREFIX_PATH=${CMAKE_PREFIX_PATH}:/opt/ros/humble /usr/bin/cmake --build /home/marco/projects/control_ws/build/flight1 -- -j4 -l4
[0.041s] Invoking command in '/home/marco/projects/control_ws/build/flight1': CMAKE_PREFIX_PATH=${CMAKE_PREFIX_PATH}:/opt/ros/humble /usr/bin/cmake --install /home/marco/projects/control_ws/build/flight1
[0.045s] -- Install configuration: ""
[0.046s] -- Up-to-date: /home/marco/projects/control_ws/install/flight1/share/ament_index/resource_index/package_run_dependencies/flight1
[0.046s] -- Up-to-date: /home/marco/projects/control_ws/install/flight1/share/ament_index/resource_index/parent_prefix_path/flight1
[0.046s] -- Up-to-date: /home/marco/projects/control_ws/install/flight1/share/flight1/environment/ament_prefix_path.sh
[0.046s] -- Up-to-date: /home/marco/projects/control_ws/install/flight1/share/flight1/environment/ament_prefix_path.dsv
[0.046s] -- Up-to-date: /home/marco/projects/control_ws/install/flight1/share/flight1/environment/path.sh
[0.046s] -- Up-to-date: /home/marco/projects/control_ws/install/flight1/share/flight1/environment/path.dsv
[0.046s] -- Up-to-date: /home/marco/projects/control_ws/install/flight1/share/flight1/local_setup.bash
[0.046s] -- Up-to-date: /home/marco/projects/control_ws/install/flight1/share/flight1/local_setup.sh
[0.046s] -- Up-to-date: /home/marco/projects/control_ws/install/flight1/share/flight1/local_setup.zsh
[0.046s] -- Up-to-date: /home/marco/projects/control_ws/install/flight1/share/flight1/local_setup.dsv
[0.046s] -- Up-to-date: /home/marco/projects/control_ws/install/flight1/share/flight1/package.dsv
[0.046s] -- Up-to-date: /home/marco/projects/control_ws/install/flight1/share/ament_index/resource_index/packages/flight1
[0.046s] -- Up-to-date: /home/marco/projects/control_ws/install/flight1/share/flight1/cmake/flight1Config.cmake
[0.046s] -- Up-to-date: /home/marco/projects/control_ws/install/flight1/share/flight1/cmake/flight1Config-version.cmake
[0.046s] -- Up-to-date: /home/marco/projects/control_ws/install/flight1/share/flight1/package.xml
[0.048s] Invoked command in '/home/marco/projects/control_ws/build/flight1' returned '0': CMAKE_PREFIX_PATH=${CMAKE_PREFIX_PATH}:/opt/ros/humble /usr/bin/cmake --install /home/marco/projects/control_ws/build/flight1
