/home/marco/projects/control_ws/install/equations/lib/python3.10/site-packages/equations/__init__.py
/home/marco/projects/control_ws/install/equations/lib/python3.10/site-packages/equations/drone_simulator.py
/home/marco/projects/control_ws/install/equations/lib/python3.10/site-packages/equations/signal_generator.py
/home/marco/projects/control_ws/install/equations/lib/python3.10/site-packages/equations/simulator_node.py
/home/marco/projects/control_ws/install/equations/lib/python3.10/site-packages/equations/__pycache__/__init__.cpython-310.pyc
/home/marco/projects/control_ws/install/equations/lib/python3.10/site-packages/equations/__pycache__/drone_simulator.cpython-310.pyc
/home/marco/projects/control_ws/install/equations/lib/python3.10/site-packages/equations/__pycache__/signal_generator.cpython-310.pyc
/home/marco/projects/control_ws/install/equations/lib/python3.10/site-packages/equations/__pycache__/simulator_node.cpython-310.pyc
/home/marco/projects/control_ws/install/equations/share/ament_index/resource_index/packages/equations
/home/marco/projects/control_ws/install/equations/share/equations/package.xml
/home/marco/projects/control_ws/install/equations/lib/python3.10/site-packages/equations-0.0.0-py3.10.egg-info/SOURCES.txt
/home/marco/projects/control_ws/install/equations/lib/python3.10/site-packages/equations-0.0.0-py3.10.egg-info/dependency_links.txt
/home/marco/projects/control_ws/install/equations/lib/python3.10/site-packages/equations-0.0.0-py3.10.egg-info/zip-safe
/home/marco/projects/control_ws/install/equations/lib/python3.10/site-packages/equations-0.0.0-py3.10.egg-info/top_level.txt
/home/marco/projects/control_ws/install/equations/lib/python3.10/site-packages/equations-0.0.0-py3.10.egg-info/entry_points.txt
/home/marco/projects/control_ws/install/equations/lib/python3.10/site-packages/equations-0.0.0-py3.10.egg-info/requires.txt
/home/marco/projects/control_ws/install/equations/lib/python3.10/site-packages/equations-0.0.0-py3.10.egg-info/PKG-INFO
/home/marco/projects/control_ws/install/equations/lib/equations/drone
/home/marco/projects/control_ws/install/equations/lib/equations/signal_node
/home/marco/projects/control_ws/install/equations/lib/equations/simulator_node
