[0.493s] Invoking command in '/home/marco/projects/control_ws/src/equations': PYTHONPATH=/home/marco/projects/control_ws/build/equations/prefix_override:/usr/lib/python3/dist-packages/colcon_core/task/python/colcon_distutils_commands:/home/marco/projects/control_ws/install/equations/lib/python3.10/site-packages:${PYTHONPATH} /usr/bin/python3 -W ignore:setup.py install is deprecated -W ignore:easy_install command is deprecated setup.py egg_info --egg-base ../../build/equations build --build-base /home/marco/projects/control_ws/build/equations/build install --record /home/marco/projects/control_ws/build/equations/install.log --single-version-externally-managed install_data
[0.674s] running egg_info
[0.674s] writing ../../build/equations/equations.egg-info/PKG-INFO
[0.674s] writing dependency_links to ../../build/equations/equations.egg-info/dependency_links.txt
[0.674s] writing entry points to ../../build/equations/equations.egg-info/entry_points.txt
[0.675s] writing requirements to ../../build/equations/equations.egg-info/requires.txt
[0.675s] writing top-level names to ../../build/equations/equations.egg-info/top_level.txt
[0.676s] reading manifest file '../../build/equations/equations.egg-info/SOURCES.txt'
[0.682s] writing manifest file '../../build/equations/equations.egg-info/SOURCES.txt'
[0.682s] running build
[0.683s] running build_py
[0.683s] copying equations/drone_simulator.py -> /home/marco/projects/control_ws/build/equations/build/lib/equations
[0.683s] running install
[0.683s] running install_lib
[0.684s] copying /home/marco/projects/control_ws/build/equations/build/lib/equations/drone_simulator.py -> /home/marco/projects/control_ws/install/equations/lib/python3.10/site-packages/equations
[0.684s] byte-compiling /home/marco/projects/control_ws/install/equations/lib/python3.10/site-packages/equations/drone_simulator.py to drone_simulator.cpython-310.pyc
[0.684s] running install_data
[0.684s] running install_egg_info
[0.686s] removing '/home/marco/projects/control_ws/install/equations/lib/python3.10/site-packages/equations-0.0.0-py3.10.egg-info' (and everything under it)
[0.686s] Copying ../../build/equations/equations.egg-info to /home/marco/projects/control_ws/install/equations/lib/python3.10/site-packages/equations-0.0.0-py3.10.egg-info
[0.686s] running install_scripts
[0.701s] Installing drone script to /home/marco/projects/control_ws/install/equations/lib/equations
[0.701s] Installing signal_node script to /home/marco/projects/control_ws/install/equations/lib/equations
[0.701s] Installing simulator_node script to /home/marco/projects/control_ws/install/equations/lib/equations
[0.701s] writing list of installed files to '/home/marco/projects/control_ws/build/equations/install.log'
[0.722s] Invoked command in '/home/marco/projects/control_ws/src/equations' returned '0': PYTHONPATH=/home/marco/projects/control_ws/build/equations/prefix_override:/usr/lib/python3/dist-packages/colcon_core/task/python/colcon_distutils_commands:/home/marco/projects/control_ws/install/equations/lib/python3.10/site-packages:${PYTHONPATH} /usr/bin/python3 -W ignore:setup.py install is deprecated -W ignore:easy_install command is deprecated setup.py egg_info --egg-base ../../build/equations build --build-base /home/marco/projects/control_ws/build/equations/build install --record /home/marco/projects/control_ws/build/equations/install.log --single-version-externally-managed install_data
