-- Found ament_cmake: 1.3.11 (/opt/ros/humble/share/ament_cmake/cmake)
-- Found ament_lint_auto: 0.12.12 (/opt/ros/humble/share/ament_lint_auto/cmake)
-- Added test 'lint_cmake' to check CMake code style
-- Added test 'xmllint' to check XML markup files
-- Configuring done
-- Generating done
-- Build files have been written to: /home/marco/projects/control_ws/build/flight1
-- Install configuration: ""
-- Installing: /home/marco/projects/control_ws/install/flight1/share/ament_index/resource_index/package_run_dependencies/flight1
-- Installing: /home/marco/projects/control_ws/install/flight1/share/ament_index/resource_index/parent_prefix_path/flight1
-- Installing: /home/marco/projects/control_ws/install/flight1/share/flight1/environment/ament_prefix_path.sh
-- Installing: /home/marco/projects/control_ws/install/flight1/share/flight1/environment/ament_prefix_path.dsv
-- Installing: /home/marco/projects/control_ws/install/flight1/share/flight1/environment/path.sh
-- Installing: /home/marco/projects/control_ws/install/flight1/share/flight1/environment/path.dsv
-- Installing: /home/marco/projects/control_ws/install/flight1/share/flight1/local_setup.bash
-- Installing: /home/marco/projects/control_ws/install/flight1/share/flight1/local_setup.sh
-- Installing: /home/marco/projects/control_ws/install/flight1/share/flight1/local_setup.zsh
-- Installing: /home/marco/projects/control_ws/install/flight1/share/flight1/local_setup.dsv
-- Installing: /home/marco/projects/control_ws/install/flight1/share/flight1/package.dsv
-- Installing: /home/marco/projects/control_ws/install/flight1/share/ament_index/resource_index/packages/flight1
-- Installing: /home/marco/projects/control_ws/install/flight1/share/flight1/cmake/flight1Config.cmake
-- Installing: /home/marco/projects/control_ws/install/flight1/share/flight1/cmake/flight1Config-version.cmake
-- Installing: /home/marco/projects/control_ws/install/flight1/share/flight1/package.xml
