[0.006s] Invoking command in '/home/marco/projects/control_ws/build/flight1': CMAKE_PREFIX_PATH=/opt/ros/humble /usr/bin/cmake /home/marco/projects/control_ws/src/flight1 -DCMAKE_INSTALL_PREFIX=/home/marco/projects/control_ws/install/flight1
[0.014s] -- Found ament_cmake: 1.3.11 (/opt/ros/humble/share/ament_cmake/cmake)
[0.102s] -- Found ament_lint_auto: 0.12.12 (/opt/ros/humble/share/ament_lint_auto/cmake)
[0.156s] -- Added test 'lint_cmake' to check CMake code style
[0.157s] -- Added test 'xmllint' to check XML markup files
[0.158s] -- Configuring done
[0.160s] -- Generating done
[0.162s] -- Build files have been written to: /home/marco/projects/control_ws/build/flight1
[0.164s] Invoked command in '/home/marco/projects/control_ws/build/flight1' returned '0': CMAKE_PREFIX_PATH=/opt/ros/humble /usr/bin/cmake /home/marco/projects/control_ws/src/flight1 -DCMAKE_INSTALL_PREFIX=/home/marco/projects/control_ws/install/flight1
[0.165s] Invoking command in '/home/marco/projects/control_ws/build/flight1': CMAKE_PREFIX_PATH=/opt/ros/humble /usr/bin/cmake --build /home/marco/projects/control_ws/build/flight1 -- -j4 -l4
[0.190s] Invoked command in '/home/marco/projects/control_ws/build/flight1' returned '0': CMAKE_PREFIX_PATH=/opt/ros/humble /usr/bin/cmake --build /home/marco/projects/control_ws/build/flight1 -- -j4 -l4
[0.196s] Invoking command in '/home/marco/projects/control_ws/build/flight1': CMAKE_PREFIX_PATH=/opt/ros/humble /usr/bin/cmake --install /home/marco/projects/control_ws/build/flight1
[0.201s] -- Install configuration: ""
[0.202s] -- Installing: /home/marco/projects/control_ws/install/flight1/share/ament_index/resource_index/package_run_dependencies/flight1
[0.202s] -- Installing: /home/marco/projects/control_ws/install/flight1/share/ament_index/resource_index/parent_prefix_path/flight1
[0.202s] -- Installing: /home/marco/projects/control_ws/install/flight1/share/flight1/environment/ament_prefix_path.sh
[0.202s] -- Installing: /home/marco/projects/control_ws/install/flight1/share/flight1/environment/ament_prefix_path.dsv
[0.202s] -- Installing: /home/marco/projects/control_ws/install/flight1/share/flight1/environment/path.sh
[0.202s] -- Installing: /home/marco/projects/control_ws/install/flight1/share/flight1/environment/path.dsv
[0.203s] -- Installing: /home/marco/projects/control_ws/install/flight1/share/flight1/local_setup.bash
[0.203s] -- Installing: /home/marco/projects/control_ws/install/flight1/share/flight1/local_setup.sh
[0.203s] -- Installing: /home/marco/projects/control_ws/install/flight1/share/flight1/local_setup.zsh
[0.203s] -- Installing: /home/marco/projects/control_ws/install/flight1/share/flight1/local_setup.dsv
[0.203s] -- Installing: /home/marco/projects/control_ws/install/flight1/share/flight1/package.dsv
[0.203s] -- Installing: /home/marco/projects/control_ws/install/flight1/share/ament_index/resource_index/packages/flight1
[0.203s] -- Installing: /home/marco/projects/control_ws/install/flight1/share/flight1/cmake/flight1Config.cmake
[0.203s] -- Installing: /home/marco/projects/control_ws/install/flight1/share/flight1/cmake/flight1Config-version.cmake
[0.203s] -- Installing: /home/marco/projects/control_ws/install/flight1/share/flight1/package.xml
[0.205s] Invoked command in '/home/marco/projects/control_ws/build/flight1' returned '0': CMAKE_PREFIX_PATH=/opt/ros/humble /usr/bin/cmake --install /home/marco/projects/control_ws/build/flight1
