running egg_info
writing ../../build/equations/equations.egg-info/PKG-INFO
writing dependency_links to ../../build/equations/equations.egg-info/dependency_links.txt
writing entry points to ../../build/equations/equations.egg-info/entry_points.txt
writing requirements to ../../build/equations/equations.egg-info/requires.txt
writing top-level names to ../../build/equations/equations.egg-info/top_level.txt
reading manifest file '../../build/equations/equations.egg-info/SOURCES.txt'
writing manifest file '../../build/equations/equations.egg-info/SOURCES.txt'
running build
running build_py
running install
running install_lib
running install_data
running install_egg_info
removing '/home/marco/projects/control_ws/install/equations/lib/python3.10/site-packages/equations-0.0.0-py3.10.egg-info' (and everything under it)
Copying ../../build/equations/equations.egg-info to /home/marco/projects/control_ws/install/equations/lib/python3.10/site-packages/equations-0.0.0-py3.10.egg-info
running install_scripts
Installing signal_node script to /home/marco/projects/control_ws/install/equations/lib/equations
Installing simulator_node script to /home/marco/projects/control_ws/install/equations/lib/equations
writing list of installed files to '/home/marco/projects/control_ws/build/equations/install.log'
