[0.417s] Invoking command in '/home/marco/projects/control_ws/src/equations': PYTHONPATH=/home/marco/projects/control_ws/build/equations/prefix_override:/usr/lib/python3/dist-packages/colcon_core/task/python/colcon_distutils_commands:/home/marco/projects/control_ws/install/equations/lib/python3.10/site-packages: /usr/bin/python3 -W ignore:setup.py install is deprecated -W ignore:easy_install command is deprecated setup.py egg_info --egg-base ../../build/equations build --build-base /home/marco/projects/control_ws/build/equations/build install --record /home/marco/projects/control_ws/build/equations/install.log --single-version-externally-managed install_data
[0.598s] running egg_info
[0.599s] writing ../../build/equations/equations.egg-info/PKG-INFO
[0.599s] writing dependency_links to ../../build/equations/equations.egg-info/dependency_links.txt
[0.599s] writing entry points to ../../build/equations/equations.egg-info/entry_points.txt
[0.599s] writing requirements to ../../build/equations/equations.egg-info/requires.txt
[0.599s] writing top-level names to ../../build/equations/equations.egg-info/top_level.txt
[0.601s] reading manifest file '../../build/equations/equations.egg-info/SOURCES.txt'
[0.602s] writing manifest file '../../build/equations/equations.egg-info/SOURCES.txt'
[0.602s] running build
[0.602s] running build_py
[0.602s] running install
[0.602s] running install_lib
[0.603s] running install_data
[0.603s] copying package.xml -> /home/marco/projects/control_ws/install/equations/share/equations
[0.603s] running install_egg_info
[0.605s] removing '/home/marco/projects/control_ws/install/equations/lib/python3.10/site-packages/equations-0.0.0-py3.10.egg-info' (and everything under it)
[0.605s] Copying ../../build/equations/equations.egg-info to /home/marco/projects/control_ws/install/equations/lib/python3.10/site-packages/equations-0.0.0-py3.10.egg-info
[0.606s] running install_scripts
[0.620s] writing list of installed files to '/home/marco/projects/control_ws/build/equations/install.log'
[0.642s] Invoked command in '/home/marco/projects/control_ws/src/equations' returned '0': PYTHONPATH=/home/marco/projects/control_ws/build/equations/prefix_override:/usr/lib/python3/dist-packages/colcon_core/task/python/colcon_distutils_commands:/home/marco/projects/control_ws/install/equations/lib/python3.10/site-packages: /usr/bin/python3 -W ignore:setup.py install is deprecated -W ignore:easy_install command is deprecated setup.py egg_info --egg-base ../../build/equations build --build-base /home/marco/projects/control_ws/build/equations/build install --record /home/marco/projects/control_ws/build/equations/install.log --single-version-externally-managed install_data
